lerna(verbose) GitUtilities.isInitialized    ()
lerna(verbose) GitUtilities.isInitialized    () => true
lerna(verbose) GitUtilities.getTopLevelDirectory()
lerna(verbose) GitUtilities.getTopLevelDirectory() => "/Users/gtaveras/code/CSS-Modules/a-css-loader"
lerna(verbose) FileSystemUtilities.existsSync("/Users/gtaveras/code/CSS-Modules/a-css-loader/lerna.json")
lerna(verbose) FileSystemUtilities.existsSync("/Users/gtaveras/code/CSS-Modules/a-css-loader/lerna.json") => true
lerna(verbose) FileSystemUtilities.readFileSync("/Users/gtaveras/code/CSS-Modules/a-css-loader/lerna.json")
lerna(verbose) FileSystemUtilities.readFileSync("/Users/gtaveras/code/CSS-Modules/a-css-loader/lerna.json") => "{\n  \"lerna\": \"2.0.0-beta.31\",\n  \"packages\": [\n    \"packages/*\"\n  ],\n  \"version\": \"0.0.0\"\n}"
lerna(verbose) FileSystemUtilities.existsSync("/Users/gtaveras/code/CSS-Modules/a-css-loader/package.json")
lerna(verbose) FileSystemUtilities.existsSync("/Users/gtaveras/code/CSS-Modules/a-css-loader/package.json") => true
lerna(verbose) FileSystemUtilities.readFileSync("/Users/gtaveras/code/CSS-Modules/a-css-loader/package.json")
lerna(verbose) FileSystemUtilities.readFileSync("/Users/gtaveras/code/CSS-Modules/a-css-loader/package.json") => "{\n  \"name\": \"a-css-loader\",\n  \"version\": \"1.0.0-beta.2\",\n  \"description\": \"\",\n  \"main\": \"index.js\",\n  \"config\": {\n    \"test-files\": \"test/cases/*-test.js test/units/*-test.js\"\n  },\n  \"scripts\": {\n    \"test\": \"mocha $npm_package_config_test_files && npm run lint\",\n    \"lint\": \"eslint .\"\n  },\n  \"keywords\": [\n    \"webpack\",\n    \"css\",\n    \"loader\"\n  ],\n  \"author\": \"\",\n  \"license\": \"ISC\",\n  \"dependencies\": {\n    \"a-css-loader_postcss-modules-values\": \"^1.2.2\",\n    \"extend\": \"^3.0.0\",\n    \"loader-utils\": \"^0.2.16\",\n    \"postcss\": \"^5.2.6\",\n    \"postcss-modules\": \"^0.5.2\",\n    \"postcss-modules-extract-imports\": \"^1.0.1\",\n    \"postcss-modules-local-by-default\": \"^1.1.1\",\n    \"postcss-modules-scope\": \"^1.0.2\",\n    \"postcss-modules-values\": \"^1.2.2\",\n    \"underscore\": \"^1.8.3\",\n    \"underscore.string\": \"^3.3.4\"\n  },\n  \"devDependencies\": {\n    \"css\": \"^2.2.1\",\n    \"cssnano\": \"^3.9.1\",\n    \"cssnano-loader\": \"^0.1.2\",\n    \"eslint\": \"^3.12.2\",\n    \"eslint-plugin-mocha\": \"^4.8.0\",\n    \"extend\": \"^3.0.0\",\n    \"extract-text-webpack-plugin\": \"^1.0.1\",\n    \"file-loader\": \"^0.9.0\",\n    \"html-webpack-plugin\": \"^2.24.1\",\n    \"memory-fs\": \"^0.4.1\",\n    \"mocha\": \"^3.2.0\",\n    \"optimize-css-assets-webpack-plugin\": \"^1.3.0\",\n    \"require-from-string\": \"^1.2.1\",\n    \"style-loader\": \"^0.13.1\",\n    \"lerna\": \"2.0.0-beta.31\"\n  }\n}"
lerna(info)    Lerna v2.0.0-beta.31
lerna(verbose) FileSystemUtilities.existsSync("/Users/gtaveras/code/CSS-Modules/a-css-loader/package.json")
lerna(verbose) FileSystemUtilities.existsSync("/Users/gtaveras/code/CSS-Modules/a-css-loader/package.json") => true
lerna(verbose) FileSystemUtilities.existsSync("/Users/gtaveras/code/CSS-Modules/a-css-loader/lerna.json")
lerna(verbose) FileSystemUtilities.existsSync("/Users/gtaveras/code/CSS-Modules/a-css-loader/lerna.json") => true
lerna(verbose) FileSystemUtilities.existsSync("/Users/gtaveras/code/CSS-Modules/a-css-loader/VERSION")
lerna(verbose) FileSystemUtilities.existsSync("/Users/gtaveras/code/CSS-Modules/a-css-loader/VERSION") => false
lerna(verbose) FileSystemUtilities.existsSync("/Users/gtaveras/code/CSS-Modules/a-css-loader/packages/a-css-loader/package.json")
lerna(verbose) FileSystemUtilities.existsSync("/Users/gtaveras/code/CSS-Modules/a-css-loader/packages/a-css-loader/package.json") => true
lerna(verbose) FileSystemUtilities.existsSync("./package.json")
lerna(verbose) FileSystemUtilities.existsSync("./package.json") => true
lerna(verbose) Attempting running RunCommand.initialize
lerna(verbose) Successfully ran RunCommand.initialize
lerna(verbose) Attempting running RunCommand.execute
lerna(verbose) NpmUtilities.runScriptInDir   ("test", [], "/Users/gtaveras/code/CSS-Modules/a-css-loader/packages/a-css-loader")
lerna(verbose) NpmUtilities.execInDir        ("run test", [], "/Users/gtaveras/code/CSS-Modules/a-css-loader/packages/a-css-loader")
lerna(verbose) NpmUtilities.runScriptInDir   ("test", [], ".")
lerna(verbose) NpmUtilities.execInDir        ("run test", [], ".")
lerna(error)   NpmUtilities.execInDir        ("run test", [], ".")
    Error: Command failed: npm run test 
    
    npm ERR! Darwin 16.3.0
    npm ERR! argv "/Users/gtaveras/.nvm/versions/node/v7.0.0/bin/node" "/Users/gtaveras/.nvm/versions/node/v7.0.0/bin/npm" "run" "test"
    npm ERR! node v7.0.0
    npm ERR! npm  v3.10.9
    npm ERR! code ELIFECYCLE
    npm ERR! css-module-builder@1.0.0 test: `echo "Error: no test specified" && exit 1`
    npm ERR! Exit status 1
    npm ERR! 
    npm ERR! Failed at the css-module-builder@1.0.0 test script 'echo "Error: no test specified" && exit 1'.
    npm ERR! Make sure you have the latest version of node.js and npm installed.
    npm ERR! If you do, this is most likely a problem with the css-module-builder package,
    npm ERR! not with npm itself.
    npm ERR! Tell the author that this fails on your system:
    npm ERR!     echo "Error: no test specified" && exit 1
    npm ERR! You can get information on how to open an issue for this project with:
    npm ERR!     npm bugs css-module-builder
    npm ERR! Or if that isn't available, you can get their info via:
    npm ERR!     npm owner ls css-module-builder
    npm ERR! There is likely additional logging output above.
    npm WARN Local package.json exists, but node_modules missing, did you mean to install?
    
    npm ERR! Please include the following file with any support request:
    npm ERR!     /Users/gtaveras/code/CSS-Modules/a-css-loader/packages/css-module-builder/npm-debug.log
    
        at ChildProcess.exithandler (child_process.js:211:12)
        at emitTwo (events.js:106:13)
        at ChildProcess.emit (events.js:191:7)
        at maybeClose (internal/child_process.js:877:16)
        at Socket.<anonymous> (internal/child_process.js:334:11)
        at emitOne (events.js:96:13)
        at Socket.emit (events.js:188:7)
        at Pipe._handle.close [as _onclose] (net.js:501:12)
lerna(error)   NpmUtilities.runScriptInDir   ("test", [], ".")
lerna(info)    
> css-module-builder@1.0.0 test /Users/gtaveras/code/CSS-Modules/a-css-loader/packages/css-module-builder
> echo "Error: no test specified" && exit 1

Error: no test specified

lerna(error)   Errored while running npm script 'test' in 'css-module-builder'
lerna(error)   Errored while running RunCommand.execute
